<?xml version="1.0" encoding="UTF-8"?>
<testng-results ignored="0" total="1" passed="1" failed="0" skipped="0">
  <reporter-output>
  </reporter-output>
  <suite started-at="2025-08-23T15:32:12 IST" name="Surefire suite" finished-at="2025-08-23T15:32:12 IST" duration-ms="36">
    <groups>
    </groups>
    <test started-at="2025-08-23T15:32:12 IST" name="Surefire test" finished-at="2025-08-23T15:32:12 IST" duration-ms="36">
      <class name="demotestng.configurationtest">
        <test-method signature="test1()[pri:0, instance:demotestng.configurationtest@8e0379d]" started-at="2025-08-23T15:32:12 IST" name="test1" finished-at="2025-08-23T15:32:12 IST" duration-ms="5" status="PASS">
          <reporter-output>
          </reporter-output>
        </test-method> <!-- test1 -->
      </class> <!-- demotestng.configurationtest -->
    </test> <!-- Surefire test -->
  </suite> <!-- Surefire suite -->
</testng-results>
